[debug] [2020-09-11T11:48:59.213Z] ----------------------------------------------------------------------
[debug] [2020-09-11T11:48:59.215Z] Command:       C:\Program Files\nodejs\node.exe C:\Users\Benget\AppData\Roaming\npm\node_modules\firebase-tools\lib\bin\firebase.js emulators:start
[debug] [2020-09-11T11:48:59.215Z] CLI Version:   8.10.0
[debug] [2020-09-11T11:48:59.215Z] Platform:      win32
[debug] [2020-09-11T11:48:59.215Z] Node Version:  v13.12.0
[debug] [2020-09-11T11:48:59.216Z] Time:          Fri Sep 11 2020 18:48:59 GMT+0700 (Western Indonesia Time)
[debug] [2020-09-11T11:48:59.216Z] ----------------------------------------------------------------------
[debug] [2020-09-11T11:48:59.216Z] 
[debug] [2020-09-11T11:48:59.222Z] > command requires scopes: ["email","openid","https://www.googleapis.com/auth/cloudplatformprojects.readonly","https://www.googleapis.com/auth/firebase","https://www.googleapis.com/auth/cloud-platform"]
[debug] [2020-09-11T11:48:59.222Z] > authorizing via signed-in user
[info] i  emulators: Starting emulators: functions {"metadata":{"emulator":{"name":"hub"},"message":"Starting emulators: functions"}}
[debug] [2020-09-11T11:49:01.240Z] [hub] writing locator at C:\Users\Benget\AppData\Local\Temp\hub-e-challenge-a9648.json
[warn] !  functions: The following emulators are not running, calls to these services from the Functions emulator will affect production: firestore, database, hosting, pubsub {"metadata":{"emulator":{"name":"functions"},"message":"The following emulators are not running, calls to these services from the Functions emulator will affect production: \u001b[1mfirestore, database, hosting, pubsub\u001b[22m"}}
[warn] !  Your requested "node" version "10" doesn't match your global version "13" {"metadata":{"emulator":{"name":"functions"},"message":"Your requested \"node\" version \"10\" doesn't match your global version \"13\""}}
[debug] [2020-09-11T11:49:03.289Z] defaultcredentials: writing to file C:\Users\Benget\AppData\Roaming\firebase\anggiatbenget70_gmail_com_application_default_credentials.json
[debug] [2020-09-11T11:49:03.291Z] Setting GAC to C:\Users\Benget\AppData\Roaming\firebase\anggiatbenget70_gmail_com_application_default_credentials.json {"metadata":{"emulator":{"name":"functions"},"message":"Setting GAC to C:\\Users\\Benget\\AppData\\Roaming\\firebase\\anggiatbenget70_gmail_com_application_default_credentials.json"}}
[debug] [2020-09-11T11:49:07.307Z] Ignoring unsupported arg: auto_download {"metadata":{"emulator":{"name":"ui"},"message":"Ignoring unsupported arg: auto_download"}}
[debug] [2020-09-11T11:49:07.308Z] Ignoring unsupported arg: port {"metadata":{"emulator":{"name":"ui"},"message":"Ignoring unsupported arg: port"}}
[debug] [2020-09-11T11:49:07.308Z] Starting Emulator UI with command {"binary":"node","args":["C:\\Users\\Benget\\.cache\\firebase\\emulators\\ui-v1.1.1\\server.bundle.js"],"optionalArgs":[],"joinArgs":false} {"metadata":{"emulator":{"name":"ui"},"message":"Starting Emulator UI with command {\"binary\":\"node\",\"args\":[\"C:\\\\Users\\\\Benget\\\\.cache\\\\firebase\\\\emulators\\\\ui-v1.1.1\\\\server.bundle.js\"],\"optionalArgs\":[],\"joinArgs\":false}"}}
[info] i  ui: Emulator UI logging to ui-debug.log {"metadata":{"emulator":{"name":"ui"},"message":"Emulator UI logging to \u001b[1mui-debug.log\u001b[22m"}}
[debug] [2020-09-11T11:49:07.472Z] Web / API server started at http://localhost:4000
 {"metadata":{"emulator":{"name":"ui"},"message":"Web / API server started at http://localhost:4000\n"}}
[info] i  functions: Watching "C:\xampp\htdocs\amazone-clone\amazon-clon\functions" for Cloud Functions... {"metadata":{"emulator":{"name":"functions"},"message":"Watching \"C:\\xampp\\htdocs\\amazone-clone\\amazon-clon\\functions\" for Cloud Functions..."}}
[debug] [2020-09-11T11:49:07.823Z] [worker-pool] addWorker(~diagnostic~) {"metadata":{"emulator":{"name":"functions"},"message":"[worker-pool] addWorker(~diagnostic~)"}}
[debug] [2020-09-11T11:49:07.823Z] [worker-pool] Adding worker with key ~diagnostic~, total=1 {"metadata":{"emulator":{"name":"functions"},"message":"[worker-pool] Adding worker with key ~diagnostic~, total=1"}}
[debug] [2020-09-11T11:49:07.823Z] [worker-pool] submitWork(triggerId=) {"metadata":{"emulator":{"name":"functions"},"message":"[worker-pool] submitWork(triggerId=)"}}
[debug] [2020-09-11T11:49:07.823Z] [worker-~diagnostic~-03fe4331-d4e2-45fe-b495-faac222cf6ed]: Assigning socketPath: \\?\pipe\C:\xampp\htdocs\amazone-clone\amazon-clon\functions\3628 {"metadata":{"emulator":{"name":"functions"},"message":"[worker-~diagnostic~-03fe4331-d4e2-45fe-b495-faac222cf6ed]: Assigning socketPath: \\\\?\\pipe\\C:\\xampp\\htdocs\\amazone-clone\\amazon-clon\\functions\\3628"}}
[debug] [2020-09-11T11:49:07.824Z] [worker-~diagnostic~-03fe4331-d4e2-45fe-b495-faac222cf6ed]: BUSY {"metadata":{"emulator":{"name":"functions"},"message":"[worker-~diagnostic~-03fe4331-d4e2-45fe-b495-faac222cf6ed]: BUSY"}}
[debug] [2020-09-11T11:49:08.181Z] [runtime-status] [3628] Functions runtime initialized. {"cwd":"C:\\xampp\\htdocs\\amazone-clone\\amazon-clon\\functions","node_version":"13.12.0"} {"metadata":{"emulator":{"name":"functions"},"message":"[runtime-status] [3628] Functions runtime initialized. {\"cwd\":\"C:\\\\xampp\\\\htdocs\\\\amazone-clone\\\\amazon-clon\\\\functions\",\"node_version\":\"13.12.0\"}"}}
[debug] [2020-09-11T11:49:08.182Z] [runtime-status] [3628] Disabled runtime features: undefined {"metadata":{"emulator":{"name":"functions"},"message":"[runtime-status] [3628] Disabled runtime features: undefined"}}
[debug] [2020-09-11T11:49:08.185Z] [runtime-status] [3628] Resolved module firebase-admin {"declared":true,"installed":true,"version":"8.13.0","resolution":"C:\\xampp\\htdocs\\amazone-clone\\amazon-clon\\functions\\node_modules\\firebase-admin\\lib\\index.js"} {"metadata":{"emulator":{"name":"functions"},"message":"[runtime-status] [3628] Resolved module firebase-admin {\"declared\":true,\"installed\":true,\"version\":\"8.13.0\",\"resolution\":\"C:\\\\xampp\\\\htdocs\\\\amazone-clone\\\\amazon-clon\\\\functions\\\\node_modules\\\\firebase-admin\\\\lib\\\\index.js\"}"}}
[debug] [2020-09-11T11:49:08.189Z] [runtime-status] [3628] Resolved module firebase-functions {"declared":true,"installed":true,"version":"3.11.0","resolution":"C:\\xampp\\htdocs\\amazone-clone\\amazon-clon\\functions\\node_modules\\firebase-functions\\lib\\index.js"} {"metadata":{"emulator":{"name":"functions"},"message":"[runtime-status] [3628] Resolved module firebase-functions {\"declared\":true,\"installed\":true,\"version\":\"3.11.0\",\"resolution\":\"C:\\\\xampp\\\\htdocs\\\\amazone-clone\\\\amazon-clon\\\\functions\\\\node_modules\\\\firebase-functions\\\\lib\\\\index.js\"}"}}
[debug] [2020-09-11T11:49:08.190Z] [runtime-status] [3628] Resolved module firebase-functions {"declared":true,"installed":true,"version":"3.11.0","resolution":"C:\\xampp\\htdocs\\amazone-clone\\amazon-clon\\functions\\node_modules\\firebase-functions\\lib\\index.js"} {"metadata":{"emulator":{"name":"functions"},"message":"[runtime-status] [3628] Resolved module firebase-functions {\"declared\":true,\"installed\":true,\"version\":\"3.11.0\",\"resolution\":\"C:\\\\xampp\\\\htdocs\\\\amazone-clone\\\\amazon-clon\\\\functions\\\\node_modules\\\\firebase-functions\\\\lib\\\\index.js\"}"}}
[debug] [2020-09-11T11:49:08.191Z] [runtime-status] [3628] Outgoing network have been stubbed. [{"name":"http","status":"mocked"},{"name":"http","status":"mocked"},{"name":"https","status":"mocked"},{"name":"https","status":"mocked"},{"name":"net","status":"mocked"}] {"metadata":{"emulator":{"name":"functions"},"message":"[runtime-status] [3628] Outgoing network have been stubbed. [{\"name\":\"http\",\"status\":\"mocked\"},{\"name\":\"http\",\"status\":\"mocked\"},{\"name\":\"https\",\"status\":\"mocked\"},{\"name\":\"https\",\"status\":\"mocked\"},{\"name\":\"net\",\"status\":\"mocked\"}]"}}
[debug] [2020-09-11T11:49:08.192Z] [runtime-status] [3628] Resolved module firebase-functions {"declared":true,"installed":true,"version":"3.11.0","resolution":"C:\\xampp\\htdocs\\amazone-clone\\amazon-clon\\functions\\node_modules\\firebase-functions\\lib\\index.js"} {"metadata":{"emulator":{"name":"functions"},"message":"[runtime-status] [3628] Resolved module firebase-functions {\"declared\":true,\"installed\":true,\"version\":\"3.11.0\",\"resolution\":\"C:\\\\xampp\\\\htdocs\\\\amazone-clone\\\\amazon-clon\\\\functions\\\\node_modules\\\\firebase-functions\\\\lib\\\\index.js\"}"}}
[debug] [2020-09-11T11:49:08.233Z] [runtime-status] [3628] Checked functions.config() {"config":{}} {"metadata":{"emulator":{"name":"functions"},"message":"[runtime-status] [3628] Checked functions.config() {\"config\":{}}"}}
[debug] [2020-09-11T11:49:08.234Z] [runtime-status] [3628] firebase-functions has been stubbed. {"functionsResolution":{"declared":true,"installed":true,"version":"3.11.0","resolution":"C:\\xampp\\htdocs\\amazone-clone\\amazon-clon\\functions\\node_modules\\firebase-functions\\lib\\index.js"}} {"metadata":{"emulator":{"name":"functions"},"message":"[runtime-status] [3628] firebase-functions has been stubbed. {\"functionsResolution\":{\"declared\":true,\"installed\":true,\"version\":\"3.11.0\",\"resolution\":\"C:\\\\xampp\\\\htdocs\\\\amazone-clone\\\\amazon-clon\\\\functions\\\\node_modules\\\\firebase-functions\\\\lib\\\\index.js\"}}"}}
[debug] [2020-09-11T11:49:08.234Z] [runtime-status] [3628] Resolved module firebase-functions {"declared":true,"installed":true,"version":"3.11.0","resolution":"C:\\xampp\\htdocs\\amazone-clone\\amazon-clon\\functions\\node_modules\\firebase-functions\\lib\\index.js"} {"metadata":{"emulator":{"name":"functions"},"message":"[runtime-status] [3628] Resolved module firebase-functions {\"declared\":true,\"installed\":true,\"version\":\"3.11.0\",\"resolution\":\"C:\\\\xampp\\\\htdocs\\\\amazone-clone\\\\amazon-clon\\\\functions\\\\node_modules\\\\firebase-functions\\\\lib\\\\index.js\"}"}}
[debug] [2020-09-11T11:49:08.235Z] [runtime-status] [3628] Resolved module firebase-admin {"declared":true,"installed":true,"version":"8.13.0","resolution":"C:\\xampp\\htdocs\\amazone-clone\\amazon-clon\\functions\\node_modules\\firebase-admin\\lib\\index.js"} {"metadata":{"emulator":{"name":"functions"},"message":"[runtime-status] [3628] Resolved module firebase-admin {\"declared\":true,\"installed\":true,\"version\":\"8.13.0\",\"resolution\":\"C:\\\\xampp\\\\htdocs\\\\amazone-clone\\\\amazon-clon\\\\functions\\\\node_modules\\\\firebase-admin\\\\lib\\\\index.js\"}"}}
[debug] [2020-09-11T11:49:08.235Z] [runtime-status] [3628] Resolved module firebase-functions {"declared":true,"installed":true,"version":"3.11.0","resolution":"C:\\xampp\\htdocs\\amazone-clone\\amazon-clon\\functions\\node_modules\\firebase-functions\\lib\\index.js"} {"metadata":{"emulator":{"name":"functions"},"message":"[runtime-status] [3628] Resolved module firebase-functions {\"declared\":true,\"installed\":true,\"version\":\"3.11.0\",\"resolution\":\"C:\\\\xampp\\\\htdocs\\\\amazone-clone\\\\amazon-clon\\\\functions\\\\node_modules\\\\firebase-functions\\\\lib\\\\index.js\"}"}}
[debug] [2020-09-11T11:49:08.236Z] [runtime-status] [3628] firebase-admin has been stubbed. {"adminResolution":{"declared":true,"installed":true,"version":"8.13.0","resolution":"C:\\xampp\\htdocs\\amazone-clone\\amazon-clon\\functions\\node_modules\\firebase-admin\\lib\\index.js"}} {"metadata":{"emulator":{"name":"functions"},"message":"[runtime-status] [3628] firebase-admin has been stubbed. {\"adminResolution\":{\"declared\":true,\"installed\":true,\"version\":\"8.13.0\",\"resolution\":\"C:\\\\xampp\\\\htdocs\\\\amazone-clone\\\\amazon-clon\\\\functions\\\\node_modules\\\\firebase-admin\\\\lib\\\\index.js\"}}"}}
[info] +  functions[api]: http function initialized (http://localhost:5001/e-challenge-a9648/us-central1/api). {"metadata":{"emulator":{"name":"functions"},"message":"\u001b[1mhttp\u001b[22m function initialized (http://localhost:5001/e-challenge-a9648/us-central1/api)."}}
[info] 
┌───────────────────────────────────────────────────────────────────────┐
│ ✔  All emulators ready! View status and logs at http://localhost:4000 │
└───────────────────────────────────────────────────────────────────────┘

┌───────────┬────────────────┬─────────────────────────────────┐
│ Emulator  │ Host:Port      │ View in Emulator UI             │
├───────────┼────────────────┼─────────────────────────────────┤
│ Functions │ localhost:5001 │ http://localhost:4000/functions │
└───────────┴────────────────┴─────────────────────────────────┘
  Other reserved ports: 4400, 4500

Issues? Report them at https://github.com/firebase/firebase-tools/issues and attach the *-debug.log files.
 
[debug] [2020-09-11T11:49:08.402Z] [worker-~diagnostic~-03fe4331-d4e2-45fe-b495-faac222cf6ed]: IDLE {"metadata":{"emulator":{"name":"functions"},"message":"[worker-~diagnostic~-03fe4331-d4e2-45fe-b495-faac222cf6ed]: IDLE"}}
[debug] [2020-09-11T11:54:52.922Z] [work-queue] {"queueLength":1,"workRunningCount":0}
[debug] [2020-09-11T11:54:52.922Z] [work-queue] {"queueLength":0,"workRunningCount":1}
[debug] [2020-09-11T11:54:52.922Z] Accepted request POST /e-challenge-a9648/us-central1/api/payments/create?total=9899 --> api
[debug] [2020-09-11T11:54:52.925Z] [worker-pool] addWorker(api) {"metadata":{"emulator":{"name":"functions"},"message":"[worker-pool] addWorker(api)"}}
[debug] [2020-09-11T11:54:52.926Z] [worker-pool] Adding worker with key api, total=1 {"metadata":{"emulator":{"name":"functions"},"message":"[worker-pool] Adding worker with key api, total=1"}}
[debug] [2020-09-11T11:54:52.926Z] [worker-pool] submitWork(triggerId=api) {"metadata":{"emulator":{"name":"functions"},"message":"[worker-pool] submitWork(triggerId=api)"}}
[debug] [2020-09-11T11:54:52.926Z] [worker-api-5274f7da-2d55-421b-a292-f2d84f1068d1]: Assigning socketPath: \\?\pipe\C:\xampp\htdocs\amazone-clone\amazon-clon\functions\10492 {"metadata":{"emulator":{"name":"functions"},"message":"[worker-api-5274f7da-2d55-421b-a292-f2d84f1068d1]: Assigning socketPath: \\\\?\\pipe\\C:\\xampp\\htdocs\\amazone-clone\\amazon-clon\\functions\\10492"}}
[debug] [2020-09-11T11:54:52.926Z] [worker-api-5274f7da-2d55-421b-a292-f2d84f1068d1]: BUSY {"metadata":{"emulator":{"name":"functions"},"message":"[worker-api-5274f7da-2d55-421b-a292-f2d84f1068d1]: BUSY"}}
[debug] [2020-09-11T11:54:53.336Z] [runtime-status] [10492] Functions runtime initialized. {"cwd":"C:\\xampp\\htdocs\\amazone-clone\\amazon-clon\\functions","node_version":"13.12.0"} {"metadata":{"emulator":{"name":"functions"},"function":{"name":"api"},"message":"[runtime-status] [10492] Functions runtime initialized. {\"cwd\":\"C:\\\\xampp\\\\htdocs\\\\amazone-clone\\\\amazon-clon\\\\functions\",\"node_version\":\"13.12.0\"}"}}
[debug] [2020-09-11T11:54:53.337Z] [runtime-status] [10492] Disabled runtime features: undefined {"metadata":{"emulator":{"name":"functions"},"function":{"name":"api"},"message":"[runtime-status] [10492] Disabled runtime features: undefined"}}
[debug] [2020-09-11T11:54:53.342Z] [runtime-status] [10492] Resolved module firebase-admin {"declared":true,"installed":true,"version":"8.13.0","resolution":"C:\\xampp\\htdocs\\amazone-clone\\amazon-clon\\functions\\node_modules\\firebase-admin\\lib\\index.js"} {"metadata":{"emulator":{"name":"functions"},"function":{"name":"api"},"message":"[runtime-status] [10492] Resolved module firebase-admin {\"declared\":true,\"installed\":true,\"version\":\"8.13.0\",\"resolution\":\"C:\\\\xampp\\\\htdocs\\\\amazone-clone\\\\amazon-clon\\\\functions\\\\node_modules\\\\firebase-admin\\\\lib\\\\index.js\"}"}}
[debug] [2020-09-11T11:54:53.346Z] [runtime-status] [10492] Resolved module firebase-functions {"declared":true,"installed":true,"version":"3.11.0","resolution":"C:\\xampp\\htdocs\\amazone-clone\\amazon-clon\\functions\\node_modules\\firebase-functions\\lib\\index.js"} {"metadata":{"emulator":{"name":"functions"},"function":{"name":"api"},"message":"[runtime-status] [10492] Resolved module firebase-functions {\"declared\":true,\"installed\":true,\"version\":\"3.11.0\",\"resolution\":\"C:\\\\xampp\\\\htdocs\\\\amazone-clone\\\\amazon-clon\\\\functions\\\\node_modules\\\\firebase-functions\\\\lib\\\\index.js\"}"}}
[debug] [2020-09-11T11:54:53.348Z] [runtime-status] [10492] Resolved module firebase-functions {"declared":true,"installed":true,"version":"3.11.0","resolution":"C:\\xampp\\htdocs\\amazone-clone\\amazon-clon\\functions\\node_modules\\firebase-functions\\lib\\index.js"} {"metadata":{"emulator":{"name":"functions"},"function":{"name":"api"},"message":"[runtime-status] [10492] Resolved module firebase-functions {\"declared\":true,\"installed\":true,\"version\":\"3.11.0\",\"resolution\":\"C:\\\\xampp\\\\htdocs\\\\amazone-clone\\\\amazon-clon\\\\functions\\\\node_modules\\\\firebase-functions\\\\lib\\\\index.js\"}"}}
[debug] [2020-09-11T11:54:53.349Z] [runtime-status] [10492] Outgoing network have been stubbed. [{"name":"http","status":"mocked"},{"name":"http","status":"mocked"},{"name":"https","status":"mocked"},{"name":"https","status":"mocked"},{"name":"net","status":"mocked"}] {"metadata":{"emulator":{"name":"functions"},"function":{"name":"api"},"message":"[runtime-status] [10492] Outgoing network have been stubbed. [{\"name\":\"http\",\"status\":\"mocked\"},{\"name\":\"http\",\"status\":\"mocked\"},{\"name\":\"https\",\"status\":\"mocked\"},{\"name\":\"https\",\"status\":\"mocked\"},{\"name\":\"net\",\"status\":\"mocked\"}]"}}
[debug] [2020-09-11T11:54:53.350Z] [runtime-status] [10492] Resolved module firebase-functions {"declared":true,"installed":true,"version":"3.11.0","resolution":"C:\\xampp\\htdocs\\amazone-clone\\amazon-clon\\functions\\node_modules\\firebase-functions\\lib\\index.js"} {"metadata":{"emulator":{"name":"functions"},"function":{"name":"api"},"message":"[runtime-status] [10492] Resolved module firebase-functions {\"declared\":true,\"installed\":true,\"version\":\"3.11.0\",\"resolution\":\"C:\\\\xampp\\\\htdocs\\\\amazone-clone\\\\amazon-clon\\\\functions\\\\node_modules\\\\firebase-functions\\\\lib\\\\index.js\"}"}}
[debug] [2020-09-11T11:54:53.401Z] [runtime-status] [10492] Checked functions.config() {"config":{}} {"metadata":{"emulator":{"name":"functions"},"function":{"name":"api"},"message":"[runtime-status] [10492] Checked functions.config() {\"config\":{}}"}}
[debug] [2020-09-11T11:54:53.401Z] [runtime-status] [10492] firebase-functions has been stubbed. {"functionsResolution":{"declared":true,"installed":true,"version":"3.11.0","resolution":"C:\\xampp\\htdocs\\amazone-clone\\amazon-clon\\functions\\node_modules\\firebase-functions\\lib\\index.js"}} {"metadata":{"emulator":{"name":"functions"},"function":{"name":"api"},"message":"[runtime-status] [10492] firebase-functions has been stubbed. {\"functionsResolution\":{\"declared\":true,\"installed\":true,\"version\":\"3.11.0\",\"resolution\":\"C:\\\\xampp\\\\htdocs\\\\amazone-clone\\\\amazon-clon\\\\functions\\\\node_modules\\\\firebase-functions\\\\lib\\\\index.js\"}}"}}
[debug] [2020-09-11T11:54:53.401Z] [runtime-status] [10492] Resolved module firebase-functions {"declared":true,"installed":true,"version":"3.11.0","resolution":"C:\\xampp\\htdocs\\amazone-clone\\amazon-clon\\functions\\node_modules\\firebase-functions\\lib\\index.js"} {"metadata":{"emulator":{"name":"functions"},"function":{"name":"api"},"message":"[runtime-status] [10492] Resolved module firebase-functions {\"declared\":true,\"installed\":true,\"version\":\"3.11.0\",\"resolution\":\"C:\\\\xampp\\\\htdocs\\\\amazone-clone\\\\amazon-clon\\\\functions\\\\node_modules\\\\firebase-functions\\\\lib\\\\index.js\"}"}}
[debug] [2020-09-11T11:54:53.402Z] [runtime-status] [10492] Resolved module firebase-admin {"declared":true,"installed":true,"version":"8.13.0","resolution":"C:\\xampp\\htdocs\\amazone-clone\\amazon-clon\\functions\\node_modules\\firebase-admin\\lib\\index.js"} {"metadata":{"emulator":{"name":"functions"},"function":{"name":"api"},"message":"[runtime-status] [10492] Resolved module firebase-admin {\"declared\":true,\"installed\":true,\"version\":\"8.13.0\",\"resolution\":\"C:\\\\xampp\\\\htdocs\\\\amazone-clone\\\\amazon-clon\\\\functions\\\\node_modules\\\\firebase-admin\\\\lib\\\\index.js\"}"}}
[debug] [2020-09-11T11:54:53.403Z] [runtime-status] [10492] Resolved module firebase-functions {"declared":true,"installed":true,"version":"3.11.0","resolution":"C:\\xampp\\htdocs\\amazone-clone\\amazon-clon\\functions\\node_modules\\firebase-functions\\lib\\index.js"} {"metadata":{"emulator":{"name":"functions"},"function":{"name":"api"},"message":"[runtime-status] [10492] Resolved module firebase-functions {\"declared\":true,\"installed\":true,\"version\":\"3.11.0\",\"resolution\":\"C:\\\\xampp\\\\htdocs\\\\amazone-clone\\\\amazon-clon\\\\functions\\\\node_modules\\\\firebase-functions\\\\lib\\\\index.js\"}"}}
[debug] [2020-09-11T11:54:53.403Z] [runtime-status] [10492] firebase-admin has been stubbed. {"adminResolution":{"declared":true,"installed":true,"version":"8.13.0","resolution":"C:\\xampp\\htdocs\\amazone-clone\\amazon-clon\\functions\\node_modules\\firebase-admin\\lib\\index.js"}} {"metadata":{"emulator":{"name":"functions"},"function":{"name":"api"},"message":"[runtime-status] [10492] firebase-admin has been stubbed. {\"adminResolution\":{\"declared\":true,\"installed\":true,\"version\":\"8.13.0\",\"resolution\":\"C:\\\\xampp\\\\htdocs\\\\amazone-clone\\\\amazon-clon\\\\functions\\\\node_modules\\\\firebase-admin\\\\lib\\\\index.js\"}}"}}
[debug] [2020-09-11T11:54:53.564Z] [runtime-status] [10492] Trigger "api" has been found, beginning invocation! {"metadata":{"emulator":{"name":"functions"},"function":{"name":"api"},"message":"[runtime-status] [10492] Trigger \"api\" has been found, beginning invocation!"}}
[info] i  functions: Beginning execution of "api" {"metadata":{"emulator":{"name":"functions"},"function":{"name":"api"},"message":"Beginning execution of \"api\""}}
[debug] [2020-09-11T11:54:53.565Z] [runtime-status] [10492] triggerDefinition {"httpsTrigger":{},"name":"api","entryPoint":"api"} {"metadata":{"emulator":{"name":"functions"},"function":{"name":"api"},"message":"[runtime-status] [10492] triggerDefinition {\"httpsTrigger\":{},\"name\":\"api\",\"entryPoint\":\"api\"}"}}
[debug] [2020-09-11T11:54:53.565Z] [runtime-status] [10492] Running api in mode HTTPS {"metadata":{"emulator":{"name":"functions"},"function":{"name":"api"},"message":"[runtime-status] [10492] Running api in mode HTTPS"}}
[debug] [2020-09-11T11:54:53.568Z] [runtime-status] [10492] Attempting to listen to socketPath: \\?\pipe\C:\xampp\htdocs\amazone-clone\amazon-clon\functions\10492 {"metadata":{"emulator":{"name":"functions"},"function":{"name":"api"},"message":"[runtime-status] [10492] Attempting to listen to socketPath: \\\\?\\pipe\\C:\\xampp\\htdocs\\amazone-clone\\amazon-clon\\functions\\10492"}}
[debug] [2020-09-11T11:54:53.571Z] [functions] Runtime ready! Sending request! {"metadata":{"emulator":{"name":"functions"},"message":"[functions] Runtime ready! Sending request!"}}
[debug] [2020-09-11T11:54:53.578Z] [runtime-status] [10492] Ephemeral server handling POST request {"metadata":{"emulator":{"name":"functions"},"function":{"name":"api"},"message":"[runtime-status] [10492] Ephemeral server handling POST request"}}
[info] >  Payment request recieved BOOM!!! for this amount 9899 {"user":"Payment request recieved BOOM!!! for this amount 9899","metadata":{"emulator":{"name":"functions"},"function":{"name":"api"},"message":"\u001b[90m> \u001b[39m Payment request recieved BOOM!!! for this amount 9899"}}
[debug] [2020-09-11T11:54:53.590Z] [runtime-status] [10492] Ephemeral server survived. {"metadata":{"emulator":{"name":"functions"},"function":{"name":"api"},"message":"[runtime-status] [10492] Ephemeral server survived."}}
[info] i  functions: Finished "api" in ~1s {"metadata":{"emulator":{"name":"functions"},"function":{"name":"api"},"message":"Finished \"api\" in ~1s"}}
[debug] [2020-09-11T11:54:54.142Z] [worker-api-5274f7da-2d55-421b-a292-f2d84f1068d1]: IDLE {"metadata":{"emulator":{"name":"functions"},"message":"[worker-api-5274f7da-2d55-421b-a292-f2d84f1068d1]: IDLE"}}
[debug] [2020-09-11T11:54:54.143Z] [work-queue] {"queueLength":0,"workRunningCount":0}
[debug] [2020-09-11T11:55:03.438Z] [work-queue] {"queueLength":1,"workRunningCount":0}
[debug] [2020-09-11T11:55:03.438Z] [work-queue] {"queueLength":0,"workRunningCount":1}
[debug] [2020-09-11T11:55:03.438Z] Accepted request POST /e-challenge-a9648/us-central1/api/payments/create?total=0 --> api
[debug] [2020-09-11T11:55:03.438Z] [worker-pool] submitWork(triggerId=api) {"metadata":{"emulator":{"name":"functions"},"message":"[worker-pool] submitWork(triggerId=api)"}}
[debug] [2020-09-11T11:55:03.439Z] [worker-api-5274f7da-2d55-421b-a292-f2d84f1068d1]: Assigning socketPath: \\?\pipe\C:\xampp\htdocs\amazone-clone\amazon-clon\functions\10492 {"metadata":{"emulator":{"name":"functions"},"message":"[worker-api-5274f7da-2d55-421b-a292-f2d84f1068d1]: Assigning socketPath: \\\\?\\pipe\\C:\\xampp\\htdocs\\amazone-clone\\amazon-clon\\functions\\10492"}}
[debug] [2020-09-11T11:55:03.439Z] [worker-api-5274f7da-2d55-421b-a292-f2d84f1068d1]: BUSY {"metadata":{"emulator":{"name":"functions"},"message":"[worker-api-5274f7da-2d55-421b-a292-f2d84f1068d1]: BUSY"}}
[debug] [2020-09-11T11:55:03.440Z] [runtime-status] [10492] Trigger "api" has been found, beginning invocation! {"metadata":{"emulator":{"name":"functions"},"function":{"name":"api"},"message":"[runtime-status] [10492] Trigger \"api\" has been found, beginning invocation!"}}
[info] i  functions: Beginning execution of "api" {"metadata":{"emulator":{"name":"functions"},"function":{"name":"api"},"message":"Beginning execution of \"api\""}}
[debug] [2020-09-11T11:55:03.444Z] [runtime-status] [10492] triggerDefinition {"httpsTrigger":{},"name":"api","entryPoint":"api"} {"metadata":{"emulator":{"name":"functions"},"function":{"name":"api"},"message":"[runtime-status] [10492] triggerDefinition {\"httpsTrigger\":{},\"name\":\"api\",\"entryPoint\":\"api\"}"}}
[debug] [2020-09-11T11:55:03.445Z] [runtime-status] [10492] Running api in mode HTTPS {"metadata":{"emulator":{"name":"functions"},"function":{"name":"api"},"message":"[runtime-status] [10492] Running api in mode HTTPS"}}
[debug] [2020-09-11T11:55:03.446Z] [runtime-status] [10492] Attempting to listen to socketPath: \\?\pipe\C:\xampp\htdocs\amazone-clone\amazon-clon\functions\10492 {"metadata":{"emulator":{"name":"functions"},"function":{"name":"api"},"message":"[runtime-status] [10492] Attempting to listen to socketPath: \\\\?\\pipe\\C:\\xampp\\htdocs\\amazone-clone\\amazon-clon\\functions\\10492"}}
[debug] [2020-09-11T11:55:03.448Z] [functions] Runtime ready! Sending request! {"metadata":{"emulator":{"name":"functions"},"message":"[functions] Runtime ready! Sending request!"}}
[debug] [2020-09-11T11:55:03.454Z] [runtime-status] [10492] Ephemeral server handling POST request {"metadata":{"emulator":{"name":"functions"},"function":{"name":"api"},"message":"[runtime-status] [10492] Ephemeral server handling POST request"}}
[info] >  Payment request recieved BOOM!!! for this amount 0 {"user":"Payment request recieved BOOM!!! for this amount 0","metadata":{"emulator":{"name":"functions"},"function":{"name":"api"},"message":"\u001b[90m> \u001b[39m Payment request recieved BOOM!!! for this amount 0"}}
[debug] [2020-09-11T11:55:03.459Z] [runtime-status] [10492] Ephemeral server survived. {"metadata":{"emulator":{"name":"functions"},"function":{"name":"api"},"message":"[runtime-status] [10492] Ephemeral server survived."}}
[info] >  (node:10492) UnhandledPromiseRejectionWarning: Error: This value must be greater than or equal to 1. {"user":"(node:10492) UnhandledPromiseRejectionWarning: Error: This value must be greater than or equal to 1.","metadata":{"emulator":{"name":"functions"},"function":{"name":"api"},"message":"\u001b[90m> \u001b[39m (node:10492) UnhandledPromiseRejectionWarning: Error: This value must be greater than or equal to 1."}}
[info] >      at Function.generate (C:\xampp\htdocs\amazone-clone\amazon-clon\functions\node_modules\stripe\lib\Error.js:39:16) {"user":"    at Function.generate (C:\\xampp\\htdocs\\amazone-clone\\amazon-clon\\functions\\node_modules\\stripe\\lib\\Error.js:39:16)","metadata":{"emulator":{"name":"functions"},"function":{"name":"api"},"message":"\u001b[90m> \u001b[39m     at Function.generate (C:\\xampp\\htdocs\\amazone-clone\\amazon-clon\\functions\\node_modules\\stripe\\lib\\Error.js:39:16)"}}
[info] >      at IncomingMessage.<anonymous> (C:\xampp\htdocs\amazone-clone\amazon-clon\functions\node_modules\stripe\lib\StripeResource.js:190:33) {"user":"    at IncomingMessage.<anonymous> (C:\\xampp\\htdocs\\amazone-clone\\amazon-clon\\functions\\node_modules\\stripe\\lib\\StripeResource.js:190:33)","metadata":{"emulator":{"name":"functions"},"function":{"name":"api"},"message":"\u001b[90m> \u001b[39m     at IncomingMessage.<anonymous> (C:\\xampp\\htdocs\\amazone-clone\\amazon-clon\\functions\\node_modules\\stripe\\lib\\StripeResource.js:190:33)"}}
[info] >      at Object.onceWrapper (events.js:421:28) {"user":"    at Object.onceWrapper (events.js:421:28)","metadata":{"emulator":{"name":"functions"},"function":{"name":"api"},"message":"\u001b[90m> \u001b[39m     at Object.onceWrapper (events.js:421:28)"}}
[info] >      at IncomingMessage.emit (events.js:327:22) {"user":"    at IncomingMessage.emit (events.js:327:22)","metadata":{"emulator":{"name":"functions"},"function":{"name":"api"},"message":"\u001b[90m> \u001b[39m     at IncomingMessage.emit (events.js:327:22)"}}
[info] >      at endReadableNT (_stream_readable.js:1201:12) {"user":"    at endReadableNT (_stream_readable.js:1201:12)","metadata":{"emulator":{"name":"functions"},"function":{"name":"api"},"message":"\u001b[90m> \u001b[39m     at endReadableNT (_stream_readable.js:1201:12)"}}
[info] >      at processTicksAndRejections (internal/process/task_queues.js:84:21) {"user":"    at processTicksAndRejections (internal/process/task_queues.js:84:21)","metadata":{"emulator":{"name":"functions"},"function":{"name":"api"},"message":"\u001b[90m> \u001b[39m     at processTicksAndRejections (internal/process/task_queues.js:84:21)"}}
[info] >  (node:10492) UnhandledPromiseRejectionWarning: Unhandled promise rejection. This error originated either by throwing inside of an async function without a catch block, or by rejecting a promise which was not handled with .catch(). To terminate the node process on unhandled promise rejection, use the CLI flag `--unhandled-rejections=strict` (see https://nodejs.org/api/cli.html#cli_unhandled_rejections_mode). (rejection id: 1) {"user":"(node:10492) UnhandledPromiseRejectionWarning: Unhandled promise rejection. This error originated either by throwing inside of an async function without a catch block, or by rejecting a promise which was not handled with .catch(). To terminate the node process on unhandled promise rejection, use the CLI flag `--unhandled-rejections=strict` (see https://nodejs.org/api/cli.html#cli_unhandled_rejections_mode). (rejection id: 1)","metadata":{"emulator":{"name":"functions"},"function":{"name":"api"},"message":"\u001b[90m> \u001b[39m (node:10492) UnhandledPromiseRejectionWarning: Unhandled promise rejection. This error originated either by throwing inside of an async function without a catch block, or by rejecting a promise which was not handled with .catch(). To terminate the node process on unhandled promise rejection, use the CLI flag `--unhandled-rejections=strict` (see https://nodejs.org/api/cli.html#cli_unhandled_rejections_mode). (rejection id: 1)"}}
[info] >  (node:10492) [DEP0018] DeprecationWarning: Unhandled promise rejections are deprecated. In the future, promise rejections that are not handled will terminate the Node.js process with a non-zero exit code. {"user":"(node:10492) [DEP0018] DeprecationWarning: Unhandled promise rejections are deprecated. In the future, promise rejections that are not handled will terminate the Node.js process with a non-zero exit code.","metadata":{"emulator":{"name":"functions"},"function":{"name":"api"},"message":"\u001b[90m> \u001b[39m (node:10492) [DEP0018] DeprecationWarning: Unhandled promise rejections are deprecated. In the future, promise rejections that are not handled will terminate the Node.js process with a non-zero exit code."}}
[warn] !  functions: Your function timed out after ~60s. To configure this timeout, see
      https://firebase.google.com/docs/functions/manage-functions#set_timeout_and_memory_allocation. {"metadata":{"emulator":{"name":"functions"},"function":{"name":"api"},"message":"Your function timed out after ~60s. To configure this timeout, see\n      https://firebase.google.com/docs/functions/manage-functions#set_timeout_and_memory_allocation."}}
[info] >  C:\Users\Benget\AppData\Roaming\npm\node_modules\firebase-tools\lib\emulator\functionsEmulatorRuntime.js:642 {"user":"C:\\Users\\Benget\\AppData\\Roaming\\npm\\node_modules\\firebase-tools\\lib\\emulator\\functionsEmulatorRuntime.js:642\r","metadata":{"emulator":{"name":"functions"},"function":{"name":"api"},"message":"\u001b[90m> \u001b[39m C:\\Users\\Benget\\AppData\\Roaming\\npm\\node_modules\\firebase-tools\\lib\\emulator\\functionsEmulatorRuntime.js:642\r"}}
[info] >                  throw new Error("Function timed out."); {"user":"                throw new Error(\"Function timed out.\");\r","metadata":{"emulator":{"name":"functions"},"function":{"name":"api"},"message":"\u001b[90m> \u001b[39m                 throw new Error(\"Function timed out.\");\r"}}
[info] >                  ^ {"user":"                ^\r","metadata":{"emulator":{"name":"functions"},"function":{"name":"api"},"message":"\u001b[90m> \u001b[39m                 ^\r"}}
[info] >   {"user":"\r","metadata":{"emulator":{"name":"functions"},"function":{"name":"api"},"message":"\u001b[90m> \u001b[39m \r"}}
[info] >  Error: Function timed out. {"user":"Error: Function timed out.\r","metadata":{"emulator":{"name":"functions"},"function":{"name":"api"},"message":"\u001b[90m> \u001b[39m Error: Function timed out.\r"}}
[info] >      at Timeout._onTimeout (C:\Users\Benget\AppData\Roaming\npm\node_modules\firebase-tools\lib\emulator\functionsEmulatorRuntime.js:642:23) {"user":"    at Timeout._onTimeout (C:\\Users\\Benget\\AppData\\Roaming\\npm\\node_modules\\firebase-tools\\lib\\emulator\\functionsEmulatorRuntime.js:642:23)\r","metadata":{"emulator":{"name":"functions"},"function":{"name":"api"},"message":"\u001b[90m> \u001b[39m     at Timeout._onTimeout (C:\\Users\\Benget\\AppData\\Roaming\\npm\\node_modules\\firebase-tools\\lib\\emulator\\functionsEmulatorRuntime.js:642:23)\r"}}
[info] >      at listOnTimeout (internal/timers.js:549:17) {"user":"    at listOnTimeout (internal/timers.js:549:17)\r","metadata":{"emulator":{"name":"functions"},"function":{"name":"api"},"message":"\u001b[90m> \u001b[39m     at listOnTimeout (internal/timers.js:549:17)\r"}}
[info] >      at processTimers (internal/timers.js:492:7) {"user":"    at processTimers (internal/timers.js:492:7)\r","metadata":{"emulator":{"name":"functions"},"function":{"name":"api"},"message":"\u001b[90m> \u001b[39m     at processTimers (internal/timers.js:492:7)\r"}}
[debug] [2020-09-11T11:56:03.466Z] [worker-api-5274f7da-2d55-421b-a292-f2d84f1068d1]: exited {"metadata":{"emulator":{"name":"functions"},"message":"[worker-api-5274f7da-2d55-421b-a292-f2d84f1068d1]: exited"}}
[debug] [2020-09-11T11:56:03.466Z] [worker-api-5274f7da-2d55-421b-a292-f2d84f1068d1]: FINISHED {"metadata":{"emulator":{"name":"functions"},"message":"[worker-api-5274f7da-2d55-421b-a292-f2d84f1068d1]: FINISHED"}}
[debug] [2020-09-11T11:56:03.466Z] [work-queue] {"queueLength":0,"workRunningCount":0}
